TN:
SF:src/Notes/note.ts
FN:11,(anonymous_0)
FN:17,(anonymous_1)
FN:24,(anonymous_2)
FN:32,(anonymous_3)
FN:39,(anonymous_4)
FN:47,(anonymous_5)
FN:54,(anonymous_6)
FNF:7
FNH:7
FNDA:3,(anonymous_0)
FNDA:3,(anonymous_1)
FNDA:1,(anonymous_2)
FNDA:3,(anonymous_3)
FNDA:1,(anonymous_4)
FNDA:3,(anonymous_5)
FNDA:1,(anonymous_6)
DA:4,1
DA:11,3
DA:18,3
DA:25,1
DA:33,3
DA:40,1
DA:48,3
DA:55,1
LF:8
LH:8
BRF:0
BRH:0
end_of_record
TN:
SF:src/Users/users.ts
FN:15,(anonymous_0)
FN:18,(anonymous_1)
FN:28,(anonymous_2)
FN:35,(anonymous_3)
FN:43,(anonymous_4)
FN:54,(anonymous_5)
FN:59,(anonymous_6)
FN:72,(anonymous_7)
FN:76,(anonymous_8)
FN:91,(anonymous_9)
FN:101,(anonymous_10)
FN:106,(anonymous_11)
FN:111,(anonymous_12)
FN:126,(anonymous_13)
FN:164,(anonymous_14)
FN:171,(anonymous_15)
FN:200,jsonFormat
FNF:17
FNH:12
FNDA:1,(anonymous_0)
FNDA:0,(anonymous_1)
FNDA:2,(anonymous_2)
FNDA:2,(anonymous_3)
FNDA:1,(anonymous_4)
FNDA:1,(anonymous_5)
FNDA:1,(anonymous_6)
FNDA:0,(anonymous_7)
FNDA:0,(anonymous_8)
FNDA:1,(anonymous_9)
FNDA:1,(anonymous_10)
FNDA:0,(anonymous_11)
FNDA:0,(anonymous_12)
FNDA:1,(anonymous_13)
FNDA:1,(anonymous_14)
FNDA:4,(anonymous_15)
FNDA:2,jsonFormat
DA:1,1
DA:2,1
DA:3,1
DA:9,1
DA:10,1
DA:15,1
DA:16,1
DA:17,1
DA:18,0
DA:19,0
DA:29,2
DA:36,2
DA:44,1
DA:55,1
DA:57,1
DA:58,1
DA:59,1
DA:60,1
DA:63,0
DA:73,0
DA:75,0
DA:76,0
DA:77,0
DA:80,0
DA:92,1
DA:94,1
DA:95,1
DA:96,1
DA:98,1
DA:100,1
DA:101,1
DA:102,1
DA:104,1
DA:106,0
DA:107,0
DA:109,0
DA:111,0
DA:112,0
DA:114,0
DA:117,0
DA:127,1
DA:129,1
DA:130,1
DA:131,1
DA:133,1
DA:135,0
DA:136,0
DA:137,0
DA:138,0
DA:140,0
DA:141,0
DA:142,0
DA:143,0
DA:145,0
DA:146,0
DA:147,0
DA:148,0
DA:150,1
DA:151,1
DA:152,1
DA:153,1
DA:156,0
DA:165,1
DA:167,1
DA:168,1
DA:169,1
DA:171,1
DA:172,4
DA:173,4
DA:175,4
DA:177,1
DA:178,1
DA:180,1
DA:181,1
DA:183,0
DA:184,0
DA:186,2
DA:187,2
DA:191,0
DA:200,1
DA:201,2
LF:81
LH:50
BRDA:17,0,0,0
BRDA:17,0,1,1
BRDA:57,1,0,1
BRDA:57,1,1,0
BRDA:75,2,0,0
BRDA:75,2,1,0
BRDA:94,3,0,1
BRDA:94,3,1,0
BRDA:99,4,0,1
BRDA:99,4,1,0
BRDA:99,4,2,0
BRDA:129,5,0,1
BRDA:129,5,1,0
BRDA:134,6,0,0
BRDA:134,6,1,0
BRDA:134,6,2,0
BRDA:134,6,3,1
BRDA:167,7,0,1
BRDA:167,7,1,0
BRDA:176,8,0,1
BRDA:176,8,1,1
BRDA:176,8,2,0
BRDA:176,8,3,2
BRF:23
BRH:10
end_of_record
